TN:
SF:src/banco.js
FN:2,(anonymous_0)
FN:9,(anonymous_1)
FN:16,(anonymous_2)
FN:26,(anonymous_3)
FN:37,(anonymous_4)
FN:42,(anonymous_5)
FN:47,(anonymous_6)
FN:52,(anonymous_7)
FN:60,(anonymous_8)
FN:68,(anonymous_9)
FN:79,(anonymous_10)
FN:81,(anonymous_11)
FN:82,(anonymous_12)
FNF:13
FNH:13
FNDA:22,(anonymous_0)
FNDA:7,(anonymous_1)
FNDA:5,(anonymous_2)
FNDA:2,(anonymous_3)
FNDA:2,(anonymous_4)
FNDA:1,(anonymous_5)
FNDA:2,(anonymous_6)
FNDA:2,(anonymous_7)
FNDA:1,(anonymous_8)
FNDA:1,(anonymous_9)
FNDA:1,(anonymous_10)
FNDA:3,(anonymous_11)
FNDA:3,(anonymous_12)
DA:3,22
DA:4,22
DA:5,22
DA:10,7
DA:11,7
DA:12,7
DA:17,5
DA:18,1
DA:20,4
DA:21,4
DA:22,4
DA:27,2
DA:28,2
DA:29,2
DA:38,2
DA:43,1
DA:48,2
DA:53,2
DA:54,1
DA:56,1
DA:61,1
DA:62,1
DA:63,1
DA:64,1
DA:69,1
DA:70,1
DA:75,1
DA:80,1
DA:81,3
DA:82,3
DA:87,1
LF:31
LH:31
BRDA:2,0,0,0
BRDA:17,1,0,1
BRDA:17,1,1,4
BRDA:53,2,0,1
BRDA:53,2,1,1
BRF:5
BRH:4
end_of_record
